e:\f4sev064\src\f4se\floatingdamage\x64\release\vc141.pdb
e:\f4sev064\src\f4se\floatingdamage\x64\release\ui.obj
e:\f4sev064\src\f4se\floatingdamage\x64\release\main.obj
e:\f4sev064\src\f4se\floatingdamage\x64\release\hookutil.obj
e:\steamlibrary\steamapps\common\fallout 4\data\f4se\plugins\floatingdamage.lib
e:\steamlibrary\steamapps\common\fallout 4\data\f4se\plugins\floatingdamage.exp
e:\steamlibrary\steamapps\common\fallout 4\data\f4se\plugins\floatingdamage.ipdb
e:\steamlibrary\steamapps\common\fallout 4\data\f4se\plugins\floatingdamage.iobj
e:\steamlibrary\steamapps\common\fallout 4\data\f4se\plugins\floatingdamage.dll
e:\steamlibrary\steamapps\common\fallout 4\data\f4se\plugins\floatingdamage.pdb
e:\f4sev064\src\f4se\floatingdamage\x64\release\resource.res
e:\f4sev064\src\f4se\floatingdamage\x64\release\floatingdamage.tlog\cl.command.1.tlog
e:\f4sev064\src\f4se\floatingdamage\x64\release\floatingdamage.tlog\cl.read.1.tlog
e:\f4sev064\src\f4se\floatingdamage\x64\release\floatingdamage.tlog\cl.write.1.tlog
e:\f4sev064\src\f4se\floatingdamage\x64\release\floatingdamage.tlog\floatingdamage.write.1u.tlog
e:\f4sev064\src\f4se\floatingdamage\x64\release\floatingdamage.tlog\link.command.1.tlog
e:\f4sev064\src\f4se\floatingdamage\x64\release\floatingdamage.tlog\link.read.1.tlog
e:\f4sev064\src\f4se\floatingdamage\x64\release\floatingdamage.tlog\link.write.1.tlog
e:\f4sev064\src\f4se\floatingdamage\x64\release\floatingdamage.tlog\rc.command.1.tlog
e:\f4sev064\src\f4se\floatingdamage\x64\release\floatingdamage.tlog\rc.read.1.tlog
e:\f4sev064\src\f4se\floatingdamage\x64\release\floatingdamage.tlog\rc.write.1.tlog
